<?xml version="1.0" encoding="utf-8"?><testsuites name="pytest tests"><testsuite name="pytest" errors="0" failures="0" skipped="0" tests="16" time="3.473" timestamp="2026-06-13T09:24:31.719974+00:00" hostname="agent-env-116d1460-522f-4c36-8a17-8dc656c92c5d"><testcase classname="backend.tests.test_rxguard.TestHealth" name="test_health" time="0.116" /><testcase classname="backend.tests.test_rxguard.TestHealth" name="test_robots_txt" time="0.095" /><testcase classname="backend.tests.test_rxguard.TestAuth" name="test_register" time="0.093" /><testcase classname="backend.tests.test_rxguard.TestAuth" name="test_register_returns_picture_field" time="0.321" /><testcase classname="backend.tests.test_rxguard.TestAuth" name="test_login" time="0.474" /><testcase classname="backend.tests.test_rxguard.TestAuth" name="test_login_returns_picture_field" time="0.415" /><testcase classname="backend.tests.test_rxguard.TestAuth" name="test_login_wrong_password" time="0.318" /><testcase classname="backend.tests.test_rxguard.TestAuth" name="test_me_unauthenticated" time="0.100" /><testcase classname="backend.tests.test_rxguard.TestAPIKeys" name="test_list_keys_unauthorized" time="0.092" /><testcase classname="backend.tests.test_rxguard.TestAPIKeys" name="test_list_keys" time="0.503" /><testcase classname="backend.tests.test_rxguard.TestAPIKeys" name="test_create_key" time="0.099" /><testcase classname="backend.tests.test_rxguard.TestAPIKeys" name="test_create_key_returns_raw_key" time="0.375" /><testcase classname="backend.tests.test_rxguard.TestPublicEndpoints" name="test_stats" time="0.096" /><testcase classname="backend.tests.test_rxguard.TestPublicEndpoints" name="test_dashboard" time="0.109" /><testcase classname="backend.tests.test_rxguard.TestPublicEndpoints" name="test_audits" time="0.091" /><testcase classname="backend.tests.test_rxguard.TestEmailEndpoint" name="test_email_no_key_returns_503" time="0.094" /></testsuite></testsuites>