<?xml version="1.0" encoding="utf-8"?><testsuites name="pytest tests"><testsuite name="pytest" errors="0" failures="0" skipped="0" tests="15" time="12.676" timestamp="2026-06-13T07:42:58.741512+00:00" hostname="agent-env-116d1460-522f-4c36-8a17-8dc656c92c5d"><testcase classname="tests.test_aegis_api.TestHealth" name="test_health_endpoint" time="0.222" /><testcase classname="tests.test_aegis_api.TestDashboard" name="test_dashboard_returns_200" time="0.136" /><testcase classname="tests.test_aegis_api.TestDashboard" name="test_dashboard_structure" time="0.559" /><testcase classname="tests.test_aegis_api.TestDashboard" name="test_dashboard_totals_20_records" time="0.123" /><testcase classname="tests.test_aegis_api.TestDashboard" name="test_dashboard_approve_reject_counts" time="0.092" /><testcase classname="tests.test_aegis_api.TestDashboard" name="test_dashboard_cost_savings" time="0.128" /><testcase classname="tests.test_aegis_api.TestDashboard" name="test_dashboard_latency_series" time="0.105" /><testcase classname="tests.test_aegis_api.TestAudits" name="test_audits_list_200" time="0.130" /><testcase classname="tests.test_aegis_api.TestAudits" name="test_audits_list_20_records" time="0.090" /><testcase classname="tests.test_aegis_api.TestAudits" name="test_audit_detail_by_id" time="0.199" /><testcase classname="tests.test_aegis_api.TestAudits" name="test_audit_detail_agent_outputs" time="0.235" /><testcase classname="tests.test_aegis_api.TestAudits" name="test_audit_detail_hash_chain" time="0.191" /><testcase classname="tests.test_aegis_api.TestAudits" name="test_audit_not_found" time="0.091" /><testcase classname="tests.test_aegis_api.TestVerify" name="test_verify_accepts_image_upload" time="10.094" /><testcase classname="tests.test_aegis_api.TestVerify" name="test_verify_rejects_empty_file" time="0.109" /></testsuite></testsuites>