<?xml version="1.0" encoding="utf-8"?><testsuites name="pytest tests"><testsuite name="pytest" errors="0" failures="2" skipped="0" tests="9" time="15.350" timestamp="2026-06-13T10:08:09.607834+00:00" hostname="agent-env-116d1460-522f-4c36-8a17-8dc656c92c5d"><testcase classname="backend.tests.test_verification.TestVerifyEndpoint" name="test_verify_real_image_returns_valid_verdict" time="0.437" /><testcase classname="backend.tests.test_verification.TestVerifyEndpoint" name="test_verify_response_no_nan_or_infinity" time="0.165" /><testcase classname="backend.tests.test_verification.TestVerifyEndpoint" name="test_verify_gradient_triggers_gemini" time="13.169" /><testcase classname="backend.tests.test_verification.TestVerifyEndpoint" name="test_verify_response_structure" time="0.181" /><testcase classname="backend.tests.test_verification.TestAuth" name="test_register_new_user" time="0.321"><failure message="KeyError: 'user'">backend/tests/test_verification.py:177: in test_register_new_user
    assert data["user"]["email"] == email
           ^^^^^^^^^^^^
E   KeyError: 'user'</failure></testcase><testcase classname="backend.tests.test_verification.TestAuth" name="test_login_returns_session_token" time="0.351" /><testcase classname="backend.tests.test_verification.TestAuth" name="test_me_returns_user_info" time="0.421" /><testcase classname="backend.tests.test_verification.TestAPIKeys" name="test_list_keys" time="0.098"><failure message="AssertionError: assert False&#10; +  where False = isinstance({'keys': [{'calls_today': 0, 'calls_total': 0, 'created_at': '2026-06-13 09:42:20', 'description': '', ...}, {'calls_today': 0, 'calls_total': 0, 'created_at': '2026-06-13 09:42:19', 'description': 'test', ...}, {'calls_today': 0, 'calls_total': 0, 'created_at': '2026-06-13 09:41:47', 'description': 'test', ...}, {'calls_today': 0, 'calls_total': 0, 'created_at': '2026-06-13 09:41:47', 'description': '', ...}, {'calls_today': 0, 'calls_total': 0, 'created_at': '2026-06-13 09:30:28', 'description': 'test', ...}, {'calls_today': 0, 'calls_total': 0, 'created_at': '2026-06-13 09:30:28', 'description': '', ...}, ...]}, list)">backend/tests/test_verification.py:204: in test_list_keys
    assert isinstance(data, list)
E   AssertionError: assert False
E    +  where False = isinstance({'keys': [{'calls_today': 0, 'calls_total': 0, 'created_at': '2026-06-13 09:42:20', 'description': '', ...}, {'calls_today': 0, 'calls_total': 0, 'created_at': '2026-06-13 09:42:19', 'description': 'test', ...}, {'calls_today': 0, 'calls_total': 0, 'created_at': '2026-06-13 09:41:47', 'description': 'test', ...}, {'calls_today': 0, 'calls_total': 0, 'created_at': '2026-06-13 09:41:47', 'description': '', ...}, {'calls_today': 0, 'calls_total': 0, 'created_at': '2026-06-13 09:30:28', 'description': 'test', ...}, {'calls_today': 0, 'calls_total': 0, 'created_at': '2026-06-13 09:30:28', 'description': '', ...}, ...]}, list)</failure></testcase><testcase classname="backend.tests.test_verification.TestAPIKeys" name="test_create_key" time="0.100" /></testsuite></testsuites>